This file contains any messages produced by compilers while
running configure, to aid debugging if configure makes a mistake.

It was created by shadowvpn configure 0.2.0, which was
generated by GNU Autoconf 2.69.  Invocation command line was

  $ ./configure --disable-option-checking --prefix=/usr/local -disable-sound --disable-video --disable-libwebrtc --cache-file=/dev/null --srcdir=.

## --------- ##
## Platform. ##
## --------- ##

hostname = ubuntu
uname -m = x86_64
uname -r = 4.2.0-27-generic
uname -s = Linux
uname -v = #32~14.04.1-Ubuntu SMP Fri Jan 22 15:32:26 UTC 2016

/usr/bin/uname -p = unknown
/bin/uname -X     = unknown

/bin/arch              = unknown
/usr/bin/arch -k       = unknown
/usr/convex/getsysinfo = unknown
/usr/bin/hostinfo      = unknown
/bin/machine           = unknown
/usr/bin/oslevel       = unknown
/bin/universe          = unknown

PATH: /usr/local/sbin
PATH: /usr/local/bin
PATH: /usr/sbin
PATH: /usr/bin
PATH: /sbin
PATH: /bin
PATH: /usr/games
PATH: /usr/local/games


## ----------- ##
## Core tests. ##
## ----------- ##

configure:2513: checking for a BSD-compatible install
configure:2581: result: /usr/bin/install -c
configure:2592: checking whether build environment is sane
configure:2647: result: yes
configure:2798: checking for a thread-safe mkdir -p
configure:2837: result: /bin/mkdir -p
configure:2844: checking for gawk
configure:2874: result: no
configure:2844: checking for mawk
configure:2860: found /usr/bin/mawk
configure:2871: result: mawk
configure:2882: checking whether make sets $(MAKE)
configure:2904: result: yes
configure:2933: checking whether make supports nested variables
configure:2950: result: yes
configure:3039: checking whether UID '1000' is supported by ustar format
configure:3042: result: yes
configure:3049: checking whether GID '1000' is supported by ustar format
configure:3052: result: yes
configure:3060: checking how to create a ustar tar archive
configure:3071: tar --version
tar (GNU tar) 1.27.1
Copyright (C) 2013 Free Software Foundation, Inc.
License GPLv3+: GNU GPL version 3 or later <http://gnu.org/licenses/gpl.html>.
This is free software: you are free to change and redistribute it.
There is NO WARRANTY, to the extent permitted by law.

Written by John Gilmore and Jay Fenlason.
configure:3074: $? = 0
configure:3114: tardir=conftest.dir && eval tar --format=ustar -chf - "$tardir" >conftest.tar
configure:3117: $? = 0
configure:3121: tar -xf - <conftest.tar
configure:3124: $? = 0
configure:3126: cat conftest.dir/file
GrepMe
configure:3129: $? = 0
configure:3142: result: gnutar
configure:3241: checking for gcc
configure:3257: found /usr/bin/gcc
configure:3268: result: gcc
configure:3497: checking for C compiler version
configure:3506: gcc --version >&5
gcc (Ubuntu 4.8.4-2ubuntu1~14.04.3) 4.8.4
Copyright (C) 2013 Free Software Foundation, Inc.
This is free software; see the source for copying conditions.  There is NO
warranty; not even for MERCHANTABILITY or FITNESS FOR A PARTICULAR PURPOSE.

configure:3517: $? = 0
configure:3506: gcc -v >&5
Using built-in specs.
COLLECT_GCC=gcc
COLLECT_LTO_WRAPPER=/usr/lib/gcc/x86_64-linux-gnu/4.8/lto-wrapper
Target: x86_64-linux-gnu
Configured with: ../src/configure -v --with-pkgversion='Ubuntu 4.8.4-2ubuntu1~14.04.3' --with-bugurl=file:///usr/share/doc/gcc-4.8/README.Bugs --enable-languages=c,c++,java,go,d,fortran,objc,obj-c++ --prefix=/usr --program-suffix=-4.8 --enable-shared --enable-linker-build-id --libexecdir=/usr/lib --without-included-gettext --enable-threads=posix --with-gxx-include-dir=/usr/include/c++/4.8 --libdir=/usr/lib --enable-nls --with-sysroot=/ --enable-clocale=gnu --enable-libstdcxx-debug --enable-libstdcxx-time=yes --enable-gnu-unique-object --disable-libmudflap --enable-plugin --with-system-zlib --disable-browser-plugin --enable-java-awt=gtk --enable-gtk-cairo --with-java-home=/usr/lib/jvm/java-1.5.0-gcj-4.8-amd64/jre --enable-java-home --with-jvm-root-dir=/usr/lib/jvm/java-1.5.0-gcj-4.8-amd64 --with-jvm-jar-dir=/usr/lib/jvm-exports/java-1.5.0-gcj-4.8-amd64 --with-arch-directory=amd64 --with-ecj-jar=/usr/share/java/eclipse-ecj.jar --enable-objc-gc --enable-multiarch --disable-werror --with-arch-32=i686 --with-abi=m64 --with-multilib-list=m32,m64,mx32 --with-tune=generic --enable-checking=release --build=x86_64-linux-gnu --host=x86_64-linux-gnu --target=x86_64-linux-gnu
Thread model: posix
gcc version 4.8.4 (Ubuntu 4.8.4-2ubuntu1~14.04.3) 
configure:3517: $? = 0
configure:3506: gcc -V >&5
gcc: error: unrecognized command line option '-V'
gcc: fatal error: no input files
compilation terminated.
configure:3517: $? = 4
configure:3506: gcc -qversion >&5
gcc: error: unrecognized command line option '-qversion'
gcc: fatal error: no input files
compilation terminated.
configure:3517: $? = 4
configure:3537: checking whether the C compiler works
configure:3559: gcc    conftest.c  >&5
configure:3563: $? = 0
configure:3611: result: yes
configure:3614: checking for C compiler default output file name
configure:3616: result: a.out
configure:3622: checking for suffix of executables
configure:3629: gcc -o conftest    conftest.c  >&5
configure:3633: $? = 0
configure:3655: result: 
configure:3677: checking whether we are cross compiling
configure:3685: gcc -o conftest    conftest.c  >&5
configure:3689: $? = 0
configure:3696: ./conftest
configure:3700: $? = 0
configure:3715: result: no
configure:3720: checking for suffix of object files
configure:3742: gcc -c   conftest.c >&5
configure:3746: $? = 0
configure:3767: result: o
configure:3771: checking whether we are using the GNU C compiler
configure:3790: gcc -c   conftest.c >&5
configure:3790: $? = 0
configure:3799: result: yes
configure:3808: checking whether gcc accepts -g
configure:3828: gcc -c -g  conftest.c >&5
configure:3828: $? = 0
configure:3869: result: yes
configure:3886: checking for gcc option to accept ISO C89
configure:3949: gcc  -c -g -O2  conftest.c >&5
configure:3949: $? = 0
configure:3962: result: none needed
configure:3987: checking whether gcc understands -c and -o together
configure:4009: gcc -c conftest.c -o conftest2.o
configure:4012: $? = 0
configure:4009: gcc -c conftest.c -o conftest2.o
configure:4012: $? = 0
configure:4024: result: yes
configure:4052: checking for style of include used by make
configure:4080: result: GNU
configure:4106: checking dependency style of gcc
configure:4217: result: gcc3
configure:4290: checking for g++
configure:4306: found /usr/bin/g++
configure:4317: result: g++
configure:4344: checking for C++ compiler version
configure:4353: g++ --version >&5
g++ (Ubuntu 4.8.4-2ubuntu1~14.04.3) 4.8.4
Copyright (C) 2013 Free Software Foundation, Inc.
This is free software; see the source for copying conditions.  There is NO
warranty; not even for MERCHANTABILITY or FITNESS FOR A PARTICULAR PURPOSE.

configure:4364: $? = 0
configure:4353: g++ -v >&5
Using built-in specs.
COLLECT_GCC=g++
COLLECT_LTO_WRAPPER=/usr/lib/gcc/x86_64-linux-gnu/4.8/lto-wrapper
Target: x86_64-linux-gnu
Configured with: ../src/configure -v --with-pkgversion='Ubuntu 4.8.4-2ubuntu1~14.04.3' --with-bugurl=file:///usr/share/doc/gcc-4.8/README.Bugs --enable-languages=c,c++,java,go,d,fortran,objc,obj-c++ --prefix=/usr --program-suffix=-4.8 --enable-shared --enable-linker-build-id --libexecdir=/usr/lib --without-included-gettext --enable-threads=posix --with-gxx-include-dir=/usr/include/c++/4.8 --libdir=/usr/lib --enable-nls --with-sysroot=/ --enable-clocale=gnu --enable-libstdcxx-debug --enable-libstdcxx-time=yes --enable-gnu-unique-object --disable-libmudflap --enable-plugin --with-system-zlib --disable-browser-plugin --enable-java-awt=gtk --enable-gtk-cairo --with-java-home=/usr/lib/jvm/java-1.5.0-gcj-4.8-amd64/jre --enable-java-home --with-jvm-root-dir=/usr/lib/jvm/java-1.5.0-gcj-4.8-amd64 --with-jvm-jar-dir=/usr/lib/jvm-exports/java-1.5.0-gcj-4.8-amd64 --with-arch-directory=amd64 --with-ecj-jar=/usr/share/java/eclipse-ecj.jar --enable-objc-gc --enable-multiarch --disable-werror --with-arch-32=i686 --with-abi=m64 --with-multilib-list=m32,m64,mx32 --with-tune=generic --enable-checking=release --build=x86_64-linux-gnu --host=x86_64-linux-gnu --target=x86_64-linux-gnu
Thread model: posix
gcc version 4.8.4 (Ubuntu 4.8.4-2ubuntu1~14.04.3) 
configure:4364: $? = 0
configure:4353: g++ -V >&5
g++: error: unrecognized command line option '-V'
g++: fatal error: no input files
compilation terminated.
configure:4364: $? = 4
configure:4353: g++ -qversion >&5
g++: error: unrecognized command line option '-qversion'
g++: fatal error: no input files
compilation terminated.
configure:4364: $? = 4
configure:4368: checking whether we are using the GNU C++ compiler
configure:4387: g++ -c   conftest.cpp >&5
configure:4387: $? = 0
configure:4396: result: yes
configure:4405: checking whether g++ accepts -g
configure:4425: g++ -c -g  conftest.cpp >&5
configure:4425: $? = 0
configure:4466: result: yes
configure:4491: checking dependency style of g++
configure:4602: result: gcc3
configure:4660: checking for ranlib
configure:4676: found /usr/bin/ranlib
configure:4687: result: ranlib
configure:4739: checking build system type
configure:4753: result: x86_64-unknown-linux-gnu
configure:4773: checking host system type
configure:4786: result: x86_64-unknown-linux-gnu
configure:4827: checking how to print strings
configure:4854: result: printf
configure:4875: checking for a sed that does not truncate output
configure:4939: result: /bin/sed
configure:4957: checking for grep that handles long lines and -e
configure:5015: result: /bin/grep
configure:5020: checking for egrep
configure:5082: result: /bin/grep -E
configure:5087: checking for fgrep
configure:5149: result: /bin/grep -F
configure:5184: checking for ld used by gcc
configure:5251: result: /usr/bin/ld
configure:5258: checking if the linker (/usr/bin/ld) is GNU ld
configure:5273: result: yes
configure:5285: checking for BSD- or MS-compatible name lister (nm)
configure:5334: result: /usr/bin/nm -B
configure:5464: checking the name lister (/usr/bin/nm -B) interface
configure:5471: gcc -c -g -O2  conftest.c >&5
configure:5474: /usr/bin/nm -B "conftest.o"
configure:5477: output
0000000000000000 B some_variable
configure:5484: result: BSD nm
configure:5487: checking whether ln -s works
configure:5491: result: yes
configure:5499: checking the maximum length of command line arguments
configure:5630: result: 1572864
configure:5647: checking whether the shell understands some XSI constructs
configure:5657: result: yes
configure:5661: checking whether the shell understands "+="
configure:5667: result: yes
configure:5702: checking how to convert x86_64-unknown-linux-gnu file names to x86_64-unknown-linux-gnu format
configure:5742: result: func_convert_file_noop
configure:5749: checking how to convert x86_64-unknown-linux-gnu file names to toolchain format
configure:5769: result: func_convert_file_noop
configure:5776: checking for /usr/bin/ld option to reload object files
configure:5783: result: -r
configure:5857: checking for objdump
configure:5873: found /usr/bin/objdump
configure:5884: result: objdump
configure:5916: checking how to recognize dependent libraries
configure:6114: result: pass_all
configure:6199: checking for dlltool
configure:6229: result: no
configure:6259: checking how to associate runtime and link libraries
configure:6286: result: printf %s\n
configure:6347: checking for ar
configure:6363: found /usr/bin/ar
configure:6374: result: ar
configure:6411: checking for archiver @FILE support
configure:6428: gcc -c -g -O2  conftest.c >&5
configure:6428: $? = 0
configure:6431: ar cru libconftest.a @conftest.lst >&5
configure:6434: $? = 0
configure:6439: ar cru libconftest.a @conftest.lst >&5
ar: conftest.o: No such file or directory
configure:6442: $? = 1
configure:6454: result: @
configure:6512: checking for strip
configure:6528: found /usr/bin/strip
configure:6539: result: strip
configure:6611: checking for ranlib
configure:6638: result: ranlib
configure:6740: checking command to parse /usr/bin/nm -B output from gcc object
configure:6860: gcc -c -g -O2  conftest.c >&5
configure:6863: $? = 0
configure:6867: /usr/bin/nm -B conftest.o \| sed -n -e 's/^.*[ ]\([ABCDGIRSTW][ABCDGIRSTW]*\)[ ][ ]*\([_A-Za-z][_A-Za-z0-9]*\)$/\1 \2 \2/p' | sed '/ __gnu_lto/d' \> conftest.nm
configure:6870: $? = 0
configure:6936: gcc -o conftest -g -O2   conftest.c conftstm.o >&5
configure:6939: $? = 0
configure:6977: result: ok
configure:7014: checking for sysroot
configure:7044: result: no
configure:7121: gcc -c -g -O2  conftest.c >&5
configure:7124: $? = 0
configure:7313: checking for mt
configure:7329: found /bin/mt
configure:7340: result: mt
configure:7363: checking if mt is a manifest tool
configure:7369: mt '-?'
configure:7377: result: no
configure:8019: checking how to run the C preprocessor
configure:8050: gcc -E  conftest.c
configure:8050: $? = 0
configure:8064: gcc -E  conftest.c
conftest.c:11:28: fatal error: ac_nonexistent.h: No such file or directory
 #include <ac_nonexistent.h>
                            ^
compilation terminated.
configure:8064: $? = 1
configure: failed program was:
| /* confdefs.h */
| #define PACKAGE_NAME "shadowvpn"
| #define PACKAGE_TARNAME "shadowvpn"
| #define PACKAGE_VERSION "0.2.0"
| #define PACKAGE_STRING "shadowvpn 0.2.0"
| #define PACKAGE_BUGREPORT "clowwindy42@gmail.com"
| #define PACKAGE_URL ""
| #define PACKAGE "shadowvpn"
| #define VERSION "0.2.0"
| /* end confdefs.h.  */
| #include <ac_nonexistent.h>
configure:8089: result: gcc -E
configure:8109: gcc -E  conftest.c
configure:8109: $? = 0
configure:8123: gcc -E  conftest.c
conftest.c:11:28: fatal error: ac_nonexistent.h: No such file or directory
 #include <ac_nonexistent.h>
                            ^
compilation terminated.
configure:8123: $? = 1
configure: failed program was:
| /* confdefs.h */
| #define PACKAGE_NAME "shadowvpn"
| #define PACKAGE_TARNAME "shadowvpn"
| #define PACKAGE_VERSION "0.2.0"
| #define PACKAGE_STRING "shadowvpn 0.2.0"
| #define PACKAGE_BUGREPORT "clowwindy42@gmail.com"
| #define PACKAGE_URL ""
| #define PACKAGE "shadowvpn"
| #define VERSION "0.2.0"
| /* end confdefs.h.  */
| #include <ac_nonexistent.h>
configure:8152: checking for ANSI C header files
configure:8172: gcc -c -g -O2  conftest.c >&5
configure:8172: $? = 0
configure:8245: gcc -o conftest -g -O2   conftest.c  >&5
configure:8245: $? = 0
configure:8245: ./conftest
configure:8245: $? = 0
configure:8256: result: yes
configure:8269: checking for sys/types.h
configure:8269: gcc -c -g -O2  conftest.c >&5
configure:8269: $? = 0
configure:8269: result: yes
configure:8269: checking for sys/stat.h
configure:8269: gcc -c -g -O2  conftest.c >&5
configure:8269: $? = 0
configure:8269: result: yes
configure:8269: checking for stdlib.h
configure:8269: gcc -c -g -O2  conftest.c >&5
configure:8269: $? = 0
configure:8269: result: yes
configure:8269: checking for string.h
configure:8269: gcc -c -g -O2  conftest.c >&5
configure:8269: $? = 0
configure:8269: result: yes
configure:8269: checking for memory.h
configure:8269: gcc -c -g -O2  conftest.c >&5
configure:8269: $? = 0
configure:8269: result: yes
configure:8269: checking for strings.h
configure:8269: gcc -c -g -O2  conftest.c >&5
configure:8269: $? = 0
configure:8269: result: yes
configure:8269: checking for inttypes.h
configure:8269: gcc -c -g -O2  conftest.c >&5
configure:8269: $? = 0
configure:8269: result: yes
configure:8269: checking for stdint.h
configure:8269: gcc -c -g -O2  conftest.c >&5
configure:8269: $? = 0
configure:8269: result: yes
configure:8269: checking for unistd.h
configure:8269: gcc -c -g -O2  conftest.c >&5
configure:8269: $? = 0
configure:8269: result: yes
configure:8283: checking for dlfcn.h
configure:8283: gcc -c -g -O2  conftest.c >&5
configure:8283: $? = 0
configure:8283: result: yes
configure:8500: checking for objdir
configure:8515: result: .libs
configure:8782: checking if gcc supports -fno-rtti -fno-exceptions
configure:8800: gcc -c -g -O2  -fno-rtti -fno-exceptions conftest.c >&5
cc1: warning: command line option '-fno-rtti' is valid for C++/ObjC++ but not for C [enabled by default]
configure:8804: $? = 0
configure:8817: result: no
configure:9144: checking for gcc option to produce PIC
configure:9151: result: -fPIC -DPIC
configure:9159: checking if gcc PIC flag -fPIC -DPIC works
configure:9177: gcc -c -g -O2  -fPIC -DPIC -DPIC conftest.c >&5
configure:9181: $? = 0
configure:9194: result: yes
configure:9223: checking if gcc static flag -static works
configure:9251: result: yes
configure:9266: checking if gcc supports -c -o file.o
configure:9287: gcc -c -g -O2  -o out/conftest2.o conftest.c >&5
configure:9291: $? = 0
configure:9313: result: yes
configure:9321: checking if gcc supports -c -o file.o
configure:9368: result: yes
configure:9401: checking whether the gcc linker (/usr/bin/ld -m elf_x86_64) supports shared libraries
configure:10558: result: yes
configure:10595: checking whether -lc should be explicitly linked in
configure:10603: gcc -c -g -O2  conftest.c >&5
configure:10606: $? = 0
configure:10621: gcc -shared  -fPIC -DPIC conftest.o  -v -Wl,-soname -Wl,conftest -o conftest 2\>\&1 \| /bin/grep  -lc  \>/dev/null 2\>\&1
configure:10624: $? = 0
configure:10638: result: no
configure:10798: checking dynamic linker characteristics
configure:11298: gcc -o conftest -g -O2   -Wl,-rpath -Wl,/foo conftest.c  >&5
configure:11298: $? = 0
configure:11532: result: GNU/Linux ld.so
configure:11639: checking how to hardcode library paths into programs
configure:11664: result: immediate
configure:12204: checking whether stripping libraries is possible
configure:12209: result: yes
configure:12244: checking if libtool supports shared libraries
configure:12246: result: yes
configure:12249: checking whether to build shared libraries
configure:12270: result: yes
configure:12273: checking whether to build static libraries
configure:12277: result: yes
configure:12300: checking how to run the C++ preprocessor
configure:12327: g++ -E  conftest.cpp
configure:12327: $? = 0
configure:12341: g++ -E  conftest.cpp
conftest.cpp:23:28: fatal error: ac_nonexistent.h: No such file or directory
 #include <ac_nonexistent.h>
                            ^
compilation terminated.
configure:12341: $? = 1
configure: failed program was:
| /* confdefs.h */
| #define PACKAGE_NAME "shadowvpn"
| #define PACKAGE_TARNAME "shadowvpn"
| #define PACKAGE_VERSION "0.2.0"
| #define PACKAGE_STRING "shadowvpn 0.2.0"
| #define PACKAGE_BUGREPORT "clowwindy42@gmail.com"
| #define PACKAGE_URL ""
| #define PACKAGE "shadowvpn"
| #define VERSION "0.2.0"
| #define STDC_HEADERS 1
| #define HAVE_SYS_TYPES_H 1
| #define HAVE_SYS_STAT_H 1
| #define HAVE_STDLIB_H 1
| #define HAVE_STRING_H 1
| #define HAVE_MEMORY_H 1
| #define HAVE_STRINGS_H 1
| #define HAVE_INTTYPES_H 1
| #define HAVE_STDINT_H 1
| #define HAVE_UNISTD_H 1
| #define HAVE_DLFCN_H 1
| #define LT_OBJDIR ".libs/"
| /* end confdefs.h.  */
| #include <ac_nonexistent.h>
configure:12366: result: g++ -E
configure:12386: g++ -E  conftest.cpp
configure:12386: $? = 0
configure:12400: g++ -E  conftest.cpp
conftest.cpp:23:28: fatal error: ac_nonexistent.h: No such file or directory
 #include <ac_nonexistent.h>
                            ^
compilation terminated.
configure:12400: $? = 1
configure: failed program was:
| /* confdefs.h */
| #define PACKAGE_NAME "shadowvpn"
| #define PACKAGE_TARNAME "shadowvpn"
| #define PACKAGE_VERSION "0.2.0"
| #define PACKAGE_STRING "shadowvpn 0.2.0"
| #define PACKAGE_BUGREPORT "clowwindy42@gmail.com"
| #define PACKAGE_URL ""
| #define PACKAGE "shadowvpn"
| #define VERSION "0.2.0"
| #define STDC_HEADERS 1
| #define HAVE_SYS_TYPES_H 1
| #define HAVE_SYS_STAT_H 1
| #define HAVE_STDLIB_H 1
| #define HAVE_STRING_H 1
| #define HAVE_MEMORY_H 1
| #define HAVE_STRINGS_H 1
| #define HAVE_INTTYPES_H 1
| #define HAVE_STDINT_H 1
| #define HAVE_UNISTD_H 1
| #define HAVE_DLFCN_H 1
| #define LT_OBJDIR ".libs/"
| /* end confdefs.h.  */
| #include <ac_nonexistent.h>
configure:12569: checking for ld used by g++
configure:12636: result: /usr/bin/ld -m elf_x86_64
configure:12643: checking if the linker (/usr/bin/ld -m elf_x86_64) is GNU ld
configure:12658: result: yes
configure:12713: checking whether the g++ linker (/usr/bin/ld -m elf_x86_64) supports shared libraries
configure:13715: result: yes
configure:13751: g++ -c -g -O2  conftest.cpp >&5
configure:13754: $? = 0
configure:14274: checking for g++ option to produce PIC
configure:14281: result: -fPIC -DPIC
configure:14289: checking if g++ PIC flag -fPIC -DPIC works
configure:14307: g++ -c -g -O2  -fPIC -DPIC -DPIC conftest.cpp >&5
configure:14311: $? = 0
configure:14324: result: yes
configure:14347: checking if g++ static flag -static works
configure:14375: result: yes
configure:14387: checking if g++ supports -c -o file.o
configure:14408: g++ -c -g -O2  -o out/conftest2.o conftest.cpp >&5
configure:14412: $? = 0
configure:14434: result: yes
configure:14439: checking if g++ supports -c -o file.o
configure:14486: result: yes
configure:14516: checking whether the g++ linker (/usr/bin/ld -m elf_x86_64) supports shared libraries
configure:14555: result: yes
configure:14696: checking dynamic linker characteristics
configure:15364: result: GNU/Linux ld.so
configure:15417: checking how to hardcode library paths into programs
configure:15442: result: immediate
configure:15508: checking for sys/types.h
configure:15508: result: yes
configure:15508: checking for netinet/in.h
configure:15508: gcc -c -g -O2  conftest.c >&5
configure:15508: $? = 0
configure:15508: result: yes
configure:15508: checking for arpa/nameser.h
configure:15508: gcc -c -g -O2  conftest.c >&5
configure:15508: $? = 0
configure:15508: result: yes
configure:15508: checking for netdb.h
configure:15508: gcc -c -g -O2  conftest.c >&5
configure:15508: $? = 0
configure:15508: result: yes
configure:15508: checking for resolv.h
configure:15508: gcc -c -g -O2  conftest.c >&5
configure:15508: $? = 0
configure:15508: result: yes
configure:15534: checking arpa/inet.h usability
configure:15534: gcc -c -g -O2  conftest.c >&5
configure:15534: $? = 0
configure:15534: result: yes
configure:15534: checking arpa/inet.h presence
configure:15534: gcc -E  conftest.c
configure:15534: $? = 0
configure:15534: result: yes
configure:15534: checking for arpa/inet.h
configure:15534: result: yes
configure:15534: checking fcntl.h usability
configure:15534: gcc -c -g -O2  conftest.c >&5
configure:15534: $? = 0
configure:15534: result: yes
configure:15534: checking fcntl.h presence
configure:15534: gcc -E  conftest.c
configure:15534: $? = 0
configure:15534: result: yes
configure:15534: checking for fcntl.h
configure:15534: result: yes
configure:15534: checking for netdb.h
configure:15534: result: yes
configure:15534: checking for stdlib.h
configure:15534: result: yes
configure:15534: checking for string.h
configure:15534: result: yes
configure:15534: checking sys/socket.h usability
configure:15534: gcc -c -g -O2  conftest.c >&5
configure:15534: $? = 0
configure:15534: result: yes
configure:15534: checking sys/socket.h presence
configure:15534: gcc -E  conftest.c
configure:15534: $? = 0
configure:15534: result: yes
configure:15534: checking for sys/socket.h
configure:15534: result: yes
configure:15534: checking for unistd.h
configure:15534: result: yes
configure:15551: checking linux/if_tun.h usability
configure:15551: gcc -c -g -O2  conftest.c >&5
configure:15551: $? = 0
configure:15551: result: yes
configure:15551: checking linux/if_tun.h presence
configure:15551: gcc -E  conftest.c
configure:15551: $? = 0
configure:15551: result: yes
configure:15551: checking for linux/if_tun.h
configure:15551: result: yes
configure:15622: checking android/log.h usability
configure:15622: gcc -c -g -O2  conftest.c >&5
conftest.c:69:25: fatal error: android/log.h: No such file or directory
 #include <android/log.h>
                         ^
compilation terminated.
configure:15622: $? = 1
configure: failed program was:
| /* confdefs.h */
| #define PACKAGE_NAME "shadowvpn"
| #define PACKAGE_TARNAME "shadowvpn"
| #define PACKAGE_VERSION "0.2.0"
| #define PACKAGE_STRING "shadowvpn 0.2.0"
| #define PACKAGE_BUGREPORT "clowwindy42@gmail.com"
| #define PACKAGE_URL ""
| #define PACKAGE "shadowvpn"
| #define VERSION "0.2.0"
| #define STDC_HEADERS 1
| #define HAVE_SYS_TYPES_H 1
| #define HAVE_SYS_STAT_H 1
| #define HAVE_STDLIB_H 1
| #define HAVE_STRING_H 1
| #define HAVE_MEMORY_H 1
| #define HAVE_STRINGS_H 1
| #define HAVE_INTTYPES_H 1
| #define HAVE_STDINT_H 1
| #define HAVE_UNISTD_H 1
| #define HAVE_DLFCN_H 1
| #define LT_OBJDIR ".libs/"
| #define HAVE_SYS_TYPES_H 1
| #define HAVE_NETINET_IN_H 1
| #define HAVE_ARPA_NAMESER_H 1
| #define HAVE_NETDB_H 1
| #define HAVE_RESOLV_H 1
| #define HAVE_ARPA_INET_H 1
| #define HAVE_FCNTL_H 1
| #define HAVE_NETDB_H 1
| #define HAVE_STDLIB_H 1
| #define HAVE_STRING_H 1
| #define HAVE_SYS_SOCKET_H 1
| #define HAVE_UNISTD_H 1
| #define TARGET_LINUX 1
| /* end confdefs.h.  */
| #include <stdio.h>
| #ifdef HAVE_SYS_TYPES_H
| # include <sys/types.h>
| #endif
| #ifdef HAVE_SYS_STAT_H
| # include <sys/stat.h>
| #endif
| #ifdef STDC_HEADERS
| # include <stdlib.h>
| # include <stddef.h>
| #else
| # ifdef HAVE_STDLIB_H
| #  include <stdlib.h>
| # endif
| #endif
| #ifdef HAVE_STRING_H
| # if !defined STDC_HEADERS && defined HAVE_MEMORY_H
| #  include <memory.h>
| # endif
| # include <string.h>
| #endif
| #ifdef HAVE_STRINGS_H
| # include <strings.h>
| #endif
| #ifdef HAVE_INTTYPES_H
| # include <inttypes.h>
| #endif
| #ifdef HAVE_STDINT_H
| # include <stdint.h>
| #endif
| #ifdef HAVE_UNISTD_H
| # include <unistd.h>
| #endif
| #include <android/log.h>
configure:15622: result: no
configure:15622: checking android/log.h presence
configure:15622: gcc -E  conftest.c
conftest.c:36:25: fatal error: android/log.h: No such file or directory
 #include <android/log.h>
                         ^
compilation terminated.
configure:15622: $? = 1
configure: failed program was:
| /* confdefs.h */
| #define PACKAGE_NAME "shadowvpn"
| #define PACKAGE_TARNAME "shadowvpn"
| #define PACKAGE_VERSION "0.2.0"
| #define PACKAGE_STRING "shadowvpn 0.2.0"
| #define PACKAGE_BUGREPORT "clowwindy42@gmail.com"
| #define PACKAGE_URL ""
| #define PACKAGE "shadowvpn"
| #define VERSION "0.2.0"
| #define STDC_HEADERS 1
| #define HAVE_SYS_TYPES_H 1
| #define HAVE_SYS_STAT_H 1
| #define HAVE_STDLIB_H 1
| #define HAVE_STRING_H 1
| #define HAVE_MEMORY_H 1
| #define HAVE_STRINGS_H 1
| #define HAVE_INTTYPES_H 1
| #define HAVE_STDINT_H 1
| #define HAVE_UNISTD_H 1
| #define HAVE_DLFCN_H 1
| #define LT_OBJDIR ".libs/"
| #define HAVE_SYS_TYPES_H 1
| #define HAVE_NETINET_IN_H 1
| #define HAVE_ARPA_NAMESER_H 1
| #define HAVE_NETDB_H 1
| #define HAVE_RESOLV_H 1
| #define HAVE_ARPA_INET_H 1
| #define HAVE_FCNTL_H 1
| #define HAVE_NETDB_H 1
| #define HAVE_STDLIB_H 1
| #define HAVE_STRING_H 1
| #define HAVE_SYS_SOCKET_H 1
| #define HAVE_UNISTD_H 1
| #define TARGET_LINUX 1
| /* end confdefs.h.  */
| #include <android/log.h>
configure:15622: result: no
configure:15622: checking for android/log.h
configure:15622: result: no
configure:15630: checking for size_t
configure:15630: gcc -c -g -O2  conftest.c >&5
configure:15630: $? = 0
configure:15630: gcc -c -g -O2  conftest.c >&5
conftest.c: In function 'main':
conftest.c:72:21: error: expected expression before ')' token
 if (sizeof ((size_t)))
                     ^
configure:15630: $? = 1
configure: failed program was:
| /* confdefs.h */
| #define PACKAGE_NAME "shadowvpn"
| #define PACKAGE_TARNAME "shadowvpn"
| #define PACKAGE_VERSION "0.2.0"
| #define PACKAGE_STRING "shadowvpn 0.2.0"
| #define PACKAGE_BUGREPORT "clowwindy42@gmail.com"
| #define PACKAGE_URL ""
| #define PACKAGE "shadowvpn"
| #define VERSION "0.2.0"
| #define STDC_HEADERS 1
| #define HAVE_SYS_TYPES_H 1
| #define HAVE_SYS_STAT_H 1
| #define HAVE_STDLIB_H 1
| #define HAVE_STRING_H 1
| #define HAVE_MEMORY_H 1
| #define HAVE_STRINGS_H 1
| #define HAVE_INTTYPES_H 1
| #define HAVE_STDINT_H 1
| #define HAVE_UNISTD_H 1
| #define HAVE_DLFCN_H 1
| #define LT_OBJDIR ".libs/"
| #define HAVE_SYS_TYPES_H 1
| #define HAVE_NETINET_IN_H 1
| #define HAVE_ARPA_NAMESER_H 1
| #define HAVE_NETDB_H 1
| #define HAVE_RESOLV_H 1
| #define HAVE_ARPA_INET_H 1
| #define HAVE_FCNTL_H 1
| #define HAVE_NETDB_H 1
| #define HAVE_STDLIB_H 1
| #define HAVE_STRING_H 1
| #define HAVE_SYS_SOCKET_H 1
| #define HAVE_UNISTD_H 1
| #define TARGET_LINUX 1
| /* end confdefs.h.  */
| #include <stdio.h>
| #ifdef HAVE_SYS_TYPES_H
| # include <sys/types.h>
| #endif
| #ifdef HAVE_SYS_STAT_H
| # include <sys/stat.h>
| #endif
| #ifdef STDC_HEADERS
| # include <stdlib.h>
| # include <stddef.h>
| #else
| # ifdef HAVE_STDLIB_H
| #  include <stdlib.h>
| # endif
| #endif
| #ifdef HAVE_STRING_H
| # if !defined STDC_HEADERS && defined HAVE_MEMORY_H
| #  include <memory.h>
| # endif
| # include <string.h>
| #endif
| #ifdef HAVE_STRINGS_H
| # include <strings.h>
| #endif
| #ifdef HAVE_INTTYPES_H
| # include <inttypes.h>
| #endif
| #ifdef HAVE_STDINT_H
| # include <stdint.h>
| #endif
| #ifdef HAVE_UNISTD_H
| # include <unistd.h>
| #endif
| int
| main ()
| {
| if (sizeof ((size_t)))
| 	    return 0;
|   ;
|   return 0;
| }
configure:15630: result: yes
configure:15641: checking for ssize_t
configure:15641: gcc -c -g -O2  conftest.c >&5
configure:15641: $? = 0
configure:15641: gcc -c -g -O2  conftest.c >&5
conftest.c: In function 'main':
conftest.c:72:22: error: expected expression before ')' token
 if (sizeof ((ssize_t)))
                      ^
configure:15641: $? = 1
configure: failed program was:
| /* confdefs.h */
| #define PACKAGE_NAME "shadowvpn"
| #define PACKAGE_TARNAME "shadowvpn"
| #define PACKAGE_VERSION "0.2.0"
| #define PACKAGE_STRING "shadowvpn 0.2.0"
| #define PACKAGE_BUGREPORT "clowwindy42@gmail.com"
| #define PACKAGE_URL ""
| #define PACKAGE "shadowvpn"
| #define VERSION "0.2.0"
| #define STDC_HEADERS 1
| #define HAVE_SYS_TYPES_H 1
| #define HAVE_SYS_STAT_H 1
| #define HAVE_STDLIB_H 1
| #define HAVE_STRING_H 1
| #define HAVE_MEMORY_H 1
| #define HAVE_STRINGS_H 1
| #define HAVE_INTTYPES_H 1
| #define HAVE_STDINT_H 1
| #define HAVE_UNISTD_H 1
| #define HAVE_DLFCN_H 1
| #define LT_OBJDIR ".libs/"
| #define HAVE_SYS_TYPES_H 1
| #define HAVE_NETINET_IN_H 1
| #define HAVE_ARPA_NAMESER_H 1
| #define HAVE_NETDB_H 1
| #define HAVE_RESOLV_H 1
| #define HAVE_ARPA_INET_H 1
| #define HAVE_FCNTL_H 1
| #define HAVE_NETDB_H 1
| #define HAVE_STDLIB_H 1
| #define HAVE_STRING_H 1
| #define HAVE_SYS_SOCKET_H 1
| #define HAVE_UNISTD_H 1
| #define TARGET_LINUX 1
| /* end confdefs.h.  */
| #include <stdio.h>
| #ifdef HAVE_SYS_TYPES_H
| # include <sys/types.h>
| #endif
| #ifdef HAVE_SYS_STAT_H
| # include <sys/stat.h>
| #endif
| #ifdef STDC_HEADERS
| # include <stdlib.h>
| # include <stddef.h>
| #else
| # ifdef HAVE_STDLIB_H
| #  include <stdlib.h>
| # endif
| #endif
| #ifdef HAVE_STRING_H
| # if !defined STDC_HEADERS && defined HAVE_MEMORY_H
| #  include <memory.h>
| # endif
| # include <string.h>
| #endif
| #ifdef HAVE_STRINGS_H
| # include <strings.h>
| #endif
| #ifdef HAVE_INTTYPES_H
| # include <inttypes.h>
| #endif
| #ifdef HAVE_STDINT_H
| # include <stdint.h>
| #endif
| #ifdef HAVE_UNISTD_H
| # include <unistd.h>
| #endif
| int
| main ()
| {
| if (sizeof ((ssize_t)))
| 	    return 0;
|   ;
|   return 0;
| }
configure:15641: result: yes
configure:15652: checking for uint16_t
configure:15652: gcc -c -g -O2  conftest.c >&5
configure:15652: $? = 0
configure:15652: result: yes
configure:15670: checking for malloc
configure:15670: gcc -o conftest -g -O2   conftest.c  >&5
conftest.c:59:6: warning: conflicting types for built-in function 'malloc' [enabled by default]
 char malloc ();
      ^
configure:15670: $? = 0
configure:15670: result: yes
configure:15670: checking for realloc
configure:15670: gcc -o conftest -g -O2   conftest.c  >&5
conftest.c:60:6: warning: conflicting types for built-in function 'realloc' [enabled by default]
 char realloc ();
      ^
configure:15670: $? = 0
configure:15670: result: yes
configure:15682: checking for inet_ntoa
configure:15682: gcc -o conftest -g -O2   conftest.c  >&5
configure:15682: $? = 0
configure:15682: result: yes
configure:15682: checking for memset
configure:15682: gcc -o conftest -g -O2   conftest.c  >&5
conftest.c:62:6: warning: conflicting types for built-in function 'memset' [enabled by default]
 char memset ();
      ^
configure:15682: $? = 0
configure:15682: result: yes
configure:15682: checking for select
configure:15682: gcc -o conftest -g -O2   conftest.c  >&5
configure:15682: $? = 0
configure:15682: result: yes
configure:15682: checking for socket
configure:15682: gcc -o conftest -g -O2   conftest.c  >&5
configure:15682: $? = 0
configure:15682: result: yes
configure:15682: checking for strchr
configure:15682: gcc -o conftest -g -O2   conftest.c  >&5
conftest.c:65:6: warning: conflicting types for built-in function 'strchr' [enabled by default]
 char strchr ();
      ^
configure:15682: $? = 0
configure:15682: result: yes
configure:15682: checking for strdup
configure:15682: gcc -o conftest -g -O2   conftest.c  >&5
conftest.c:66:6: warning: conflicting types for built-in function 'strdup' [enabled by default]
 char strdup ();
      ^
configure:15682: $? = 0
configure:15682: result: yes
configure:15682: checking for strrchr
configure:15682: gcc -o conftest -g -O2   conftest.c  >&5
conftest.c:67:6: warning: conflicting types for built-in function 'strrchr' [enabled by default]
 char strrchr ();
      ^
configure:15682: $? = 0
configure:15682: result: yes
configure:15850: checking that generated files are newer than configure
configure:15856: result: done
configure:15895: creating ./config.status

## ---------------------- ##
## Running config.status. ##
## ---------------------- ##

This file was extended by shadowvpn config.status 0.2.0, which was
generated by GNU Autoconf 2.69.  Invocation command line was

  CONFIG_FILES    = 
  CONFIG_HEADERS  = 
  CONFIG_LINKS    = 
  CONFIG_COMMANDS = 
  $ ./config.status 

on ubuntu

config.status:1174: creating Makefile
config.status:1174: creating src/Makefile
config.status:1174: creating samples/Makefile
config.status:1174: creating config.h
config.status:1355: config.h is unchanged
config.status:1403: executing depfiles commands
config.status:1403: executing libtool commands
configure:18452: === configuring in libsodium (/home/wildc/Development/anyconnect_copy/ShadowVPN/libsodium)
configure:18515: running /bin/sh ./configure --disable-option-checking '--prefix=/usr/local'  '-disable-sound' '--disable-video' '--disable-libwebrtc' --cache-file=/dev/null --srcdir=.

## ---------------- ##
## Cache variables. ##
## ---------------- ##

ac_cv_build=x86_64-unknown-linux-gnu
ac_cv_c_compiler_gnu=yes
ac_cv_c_uint16_t=yes
ac_cv_cxx_compiler_gnu=yes
ac_cv_env_CCC_set=
ac_cv_env_CCC_value=
ac_cv_env_CC_set=
ac_cv_env_CC_value=
ac_cv_env_CFLAGS_set=
ac_cv_env_CFLAGS_value=
ac_cv_env_CPPFLAGS_set=
ac_cv_env_CPPFLAGS_value=
ac_cv_env_CPP_set=
ac_cv_env_CPP_value=
ac_cv_env_CXXCPP_set=
ac_cv_env_CXXCPP_value=
ac_cv_env_CXXFLAGS_set=
ac_cv_env_CXXFLAGS_value=
ac_cv_env_CXX_set=
ac_cv_env_CXX_value=
ac_cv_env_LDFLAGS_set=
ac_cv_env_LDFLAGS_value=
ac_cv_env_LIBS_set=
ac_cv_env_LIBS_value=
ac_cv_env_build_alias_set=
ac_cv_env_build_alias_value=
ac_cv_env_host_alias_set=
ac_cv_env_host_alias_value=
ac_cv_env_target_alias_set=
ac_cv_env_target_alias_value=
ac_cv_func_inet_ntoa=yes
ac_cv_func_malloc=yes
ac_cv_func_memset=yes
ac_cv_func_realloc=yes
ac_cv_func_select=yes
ac_cv_func_socket=yes
ac_cv_func_strchr=yes
ac_cv_func_strdup=yes
ac_cv_func_strrchr=yes
ac_cv_header_android_log_h=no
ac_cv_header_arpa_inet_h=yes
ac_cv_header_arpa_nameser_h=yes
ac_cv_header_dlfcn_h=yes
ac_cv_header_fcntl_h=yes
ac_cv_header_inttypes_h=yes
ac_cv_header_linux_if_tun_h=yes
ac_cv_header_memory_h=yes
ac_cv_header_netdb_h=yes
ac_cv_header_netinet_in_h=yes
ac_cv_header_resolv_h=yes
ac_cv_header_stdc=yes
ac_cv_header_stdint_h=yes
ac_cv_header_stdlib_h=yes
ac_cv_header_string_h=yes
ac_cv_header_strings_h=yes
ac_cv_header_sys_socket_h=yes
ac_cv_header_sys_stat_h=yes
ac_cv_header_sys_types_h=yes
ac_cv_header_unistd_h=yes
ac_cv_host=x86_64-unknown-linux-gnu
ac_cv_objext=o
ac_cv_path_EGREP='/bin/grep -E'
ac_cv_path_FGREP='/bin/grep -F'
ac_cv_path_GREP=/bin/grep
ac_cv_path_SED=/bin/sed
ac_cv_path_install='/usr/bin/install -c'
ac_cv_path_mkdir=/bin/mkdir
ac_cv_prog_AWK=mawk
ac_cv_prog_CPP='gcc -E'
ac_cv_prog_CXXCPP='g++ -E'
ac_cv_prog_ac_ct_AR=ar
ac_cv_prog_ac_ct_CC=gcc
ac_cv_prog_ac_ct_CXX=g++
ac_cv_prog_ac_ct_MANIFEST_TOOL=mt
ac_cv_prog_ac_ct_OBJDUMP=objdump
ac_cv_prog_ac_ct_RANLIB=ranlib
ac_cv_prog_ac_ct_STRIP=strip
ac_cv_prog_cc_c89=
ac_cv_prog_cc_g=yes
ac_cv_prog_cxx_g=yes
ac_cv_prog_make_make_set=yes
ac_cv_type_size_t=yes
ac_cv_type_ssize_t=yes
am_cv_CC_dependencies_compiler_type=gcc3
am_cv_CXX_dependencies_compiler_type=gcc3
am_cv_make_support_nested_variables=yes
am_cv_prog_cc_c_o=yes
am_cv_prog_tar_ustar=gnutar
lt_cv_ar_at_file=@
lt_cv_archive_cmds_need_lc=no
lt_cv_deplibs_check_method=pass_all
lt_cv_file_magic_cmd='$MAGIC_CMD'
lt_cv_file_magic_test_file=
lt_cv_ld_reload_flag=-r
lt_cv_nm_interface='BSD nm'
lt_cv_objdir=.libs
lt_cv_path_LD=/usr/bin/ld
lt_cv_path_LDCXX='/usr/bin/ld -m elf_x86_64'
lt_cv_path_NM='/usr/bin/nm -B'
lt_cv_path_mainfest_tool=no
lt_cv_prog_compiler_c_o=yes
lt_cv_prog_compiler_c_o_CXX=yes
lt_cv_prog_compiler_pic='-fPIC -DPIC'
lt_cv_prog_compiler_pic_CXX='-fPIC -DPIC'
lt_cv_prog_compiler_pic_works=yes
lt_cv_prog_compiler_pic_works_CXX=yes
lt_cv_prog_compiler_rtti_exceptions=no
lt_cv_prog_compiler_static_works=yes
lt_cv_prog_compiler_static_works_CXX=yes
lt_cv_prog_gnu_ld=yes
lt_cv_prog_gnu_ldcxx=yes
lt_cv_sharedlib_from_linklib_cmd='printf %s\n'
lt_cv_shlibpath_overrides_runpath=no
lt_cv_sys_global_symbol_pipe='sed -n -e '\''s/^.*[	 ]\([ABCDGIRSTW][ABCDGIRSTW]*\)[	 ][	 ]*\([_A-Za-z][_A-Za-z0-9]*\)$/\1 \2 \2/p'\'' | sed '\''/ __gnu_lto/d'\'''
lt_cv_sys_global_symbol_to_c_name_address='sed -n -e '\''s/^: \([^ ]*\)[ ]*$/  {\"\1\", (void *) 0},/p'\'' -e '\''s/^[ABCDGIRSTW]* \([^ ]*\) \([^ ]*\)$/  {"\2", (void *) \&\2},/p'\'''
lt_cv_sys_global_symbol_to_c_name_address_lib_prefix='sed -n -e '\''s/^: \([^ ]*\)[ ]*$/  {\"\1\", (void *) 0},/p'\'' -e '\''s/^[ABCDGIRSTW]* \([^ ]*\) \(lib[^ ]*\)$/  {"\2", (void *) \&\2},/p'\'' -e '\''s/^[ABCDGIRSTW]* \([^ ]*\) \([^ ]*\)$/  {"lib\2", (void *) \&\2},/p'\'''
lt_cv_sys_global_symbol_to_cdecl='sed -n -e '\''s/^T .* \(.*\)$/extern int \1();/p'\'' -e '\''s/^[ABCDGIRSTW]* .* \(.*\)$/extern char \1;/p'\'''
lt_cv_sys_max_cmd_len=1572864
lt_cv_to_host_file_cmd=func_convert_file_noop
lt_cv_to_tool_file_cmd=func_convert_file_noop

## ----------------- ##
## Output variables. ##
## ----------------- ##

ACLOCAL='${SHELL} /home/wildc/Development/anyconnect_copy/ShadowVPN/missing aclocal-1.14'
AMDEPBACKSLASH='\'
AMDEP_FALSE='#'
AMDEP_TRUE=''
AMTAR='$${TAR-tar}'
AM_BACKSLASH='\'
AM_DEFAULT_V='$(AM_DEFAULT_VERBOSITY)'
AM_DEFAULT_VERBOSITY='1'
AM_V='$(V)'
AR='ar'
AUTOCONF='${SHELL} /home/wildc/Development/anyconnect_copy/ShadowVPN/missing autoconf'
AUTOHEADER='${SHELL} /home/wildc/Development/anyconnect_copy/ShadowVPN/missing autoheader'
AUTOMAKE='${SHELL} /home/wildc/Development/anyconnect_copy/ShadowVPN/missing automake-1.14'
AWK='mawk'
CC='gcc'
CCDEPMODE='depmode=gcc3'
CFLAGS='-g -O2'
CPP='gcc -E'
CPPFLAGS=''
CXX='g++'
CXXCPP='g++ -E'
CXXDEPMODE='depmode=gcc3'
CXXFLAGS='-g -O2'
CYGPATH_W='echo'
DEBUG_FALSE=''
DEBUG_TRUE='#'
DEFS='-DHAVE_CONFIG_H'
DEPDIR='.deps'
DLLTOOL='false'
DSYMUTIL=''
DUMPBIN=''
ECHO_C=''
ECHO_N='-n'
ECHO_T=''
EGREP='/bin/grep -E'
EXEEXT=''
FGREP='/bin/grep -F'
GREP='/bin/grep'
INSTALL_DATA='${INSTALL} -m 644'
INSTALL_PROGRAM='${INSTALL}'
INSTALL_SCRIPT='${INSTALL}'
INSTALL_STRIP_PROGRAM='$(install_sh) -c -s'
LD='/usr/bin/ld -m elf_x86_64'
LDFLAGS=' -static'
LIBOBJS=''
LIBS=''
LIBTOOL='$(SHELL) $(top_builddir)/libtool'
LIPO=''
LN_S='ln -s'
LTLIBOBJS=''
MAKEINFO='${SHELL} /home/wildc/Development/anyconnect_copy/ShadowVPN/missing makeinfo'
MANIFEST_TOOL=':'
MKDIR_P='/bin/mkdir -p'
NM='/usr/bin/nm -B'
NMEDIT=''
OBJDUMP='objdump'
OBJEXT='o'
OTOOL64=''
OTOOL=''
PACKAGE='shadowvpn'
PACKAGE_BUGREPORT='clowwindy42@gmail.com'
PACKAGE_NAME='shadowvpn'
PACKAGE_STRING='shadowvpn 0.2.0'
PACKAGE_TARNAME='shadowvpn'
PACKAGE_URL=''
PACKAGE_VERSION='0.2.0'
PATH_SEPARATOR=':'
RANLIB='ranlib'
SED='/bin/sed'
SET_MAKE=''
SHELL='/bin/sh'
STATIC_FALSE=''
STATIC_TRUE='#'
STRIP='strip'
VERSION='0.2.0'
WIN32_FALSE=''
WIN32_TRUE='#'
ac_ct_AR='ar'
ac_ct_CC='gcc'
ac_ct_CXX='g++'
ac_ct_DUMPBIN=''
am__EXEEXT_FALSE=''
am__EXEEXT_TRUE='#'
am__fastdepCC_FALSE='#'
am__fastdepCC_TRUE=''
am__fastdepCXX_FALSE='#'
am__fastdepCXX_TRUE=''
am__include='include'
am__isrc=''
am__leading_dot='.'
am__nodep='_no'
am__quote=''
am__tar='tar --format=ustar -chf - "$$tardir"'
am__untar='tar -xf -'
bindir='${exec_prefix}/bin'
build='x86_64-unknown-linux-gnu'
build_alias=''
build_cpu='x86_64'
build_os='linux-gnu'
build_vendor='unknown'
datadir='${datarootdir}'
datarootdir='${prefix}/share'
docdir='${datarootdir}/doc/${PACKAGE_TARNAME}'
dvidir='${docdir}'
exec_prefix='${prefix}'
host='x86_64-unknown-linux-gnu'
host_alias=''
host_cpu='x86_64'
host_os='linux-gnu'
host_vendor='unknown'
htmldir='${docdir}'
includedir='${prefix}/include'
infodir='${datarootdir}/info'
install_sh='${SHELL} /home/wildc/Development/anyconnect_copy/ShadowVPN/install-sh'
libdir='${exec_prefix}/lib'
libexecdir='${exec_prefix}/libexec'
localedir='${datarootdir}/locale'
localstatedir='${prefix}/var'
mandir='${datarootdir}/man'
mkdir_p='$(MKDIR_P)'
oldincludedir='/usr/include'
pdfdir='${docdir}'
prefix='/usr/local'
program_transform_name='s,x,x,'
psdir='${docdir}'
sbindir='${exec_prefix}/sbin'
sharedstatedir='${prefix}/com'
subdirs=' libsodium'
sysconfdir='${prefix}/etc'
target_alias=''

## ----------- ##
## confdefs.h. ##
## ----------- ##

/* confdefs.h */
#define PACKAGE_NAME "shadowvpn"
#define PACKAGE_TARNAME "shadowvpn"
#define PACKAGE_VERSION "0.2.0"
#define PACKAGE_STRING "shadowvpn 0.2.0"
#define PACKAGE_BUGREPORT "clowwindy42@gmail.com"
#define PACKAGE_URL ""
#define PACKAGE "shadowvpn"
#define VERSION "0.2.0"
#define STDC_HEADERS 1
#define HAVE_SYS_TYPES_H 1
#define HAVE_SYS_STAT_H 1
#define HAVE_STDLIB_H 1
#define HAVE_STRING_H 1
#define HAVE_MEMORY_H 1
#define HAVE_STRINGS_H 1
#define HAVE_INTTYPES_H 1
#define HAVE_STDINT_H 1
#define HAVE_UNISTD_H 1
#define HAVE_DLFCN_H 1
#define LT_OBJDIR ".libs/"
#define HAVE_SYS_TYPES_H 1
#define HAVE_NETINET_IN_H 1
#define HAVE_ARPA_NAMESER_H 1
#define HAVE_NETDB_H 1
#define HAVE_RESOLV_H 1
#define HAVE_ARPA_INET_H 1
#define HAVE_FCNTL_H 1
#define HAVE_NETDB_H 1
#define HAVE_STDLIB_H 1
#define HAVE_STRING_H 1
#define HAVE_SYS_SOCKET_H 1
#define HAVE_UNISTD_H 1
#define TARGET_LINUX 1
#define HAVE_MALLOC 1
#define HAVE_REALLOC 1
#define HAVE_INET_NTOA 1
#define HAVE_MEMSET 1
#define HAVE_SELECT 1
#define HAVE_SOCKET 1
#define HAVE_STRCHR 1
#define HAVE_STRDUP 1
#define HAVE_STRRCHR 1

configure: exit 0
